Created by PLY version 3.11 (http://www.dabeaz.com/ply)

Grammar

Rule 0     S' -> statement
Rule 1     statement -> expression EQUALS expression
Rule 2     expression -> expression PLUS expression
Rule 3     expression -> expression MINUS expression
Rule 4     expression -> expression TIMES expression
Rule 5     expression -> expression DIVIDE expression
Rule 6     expression -> expression EXPONENT expression
Rule 7     expression -> MINUS expression
Rule 8     expression -> LOG LPAREN expression RPAREN
Rule 9     expression -> LN LPAREN expression RPAREN
Rule 10    expression -> SQRT LPAREN expression RPAREN
Rule 11    expression -> SINE LPAREN expression RPAREN
Rule 12    expression -> COSINE LPAREN expression RPAREN
Rule 13    expression -> TAN LPAREN expression RPAREN
Rule 14    expression -> LPAREN expression RPAREN
Rule 15    expression -> FLOAT
Rule 16    expression -> INT
Rule 17    expression -> VARIABLENAME
Rule 18    expression -> SYMBOL

Terminals, with rules where they appear

COSINE               : 12
DIVIDE               : 5
EQUALS               : 1
EXPONENT             : 6
FLOAT                : 15
INT                  : 16
LN                   : 9
LOG                  : 8
LPAREN               : 8 9 10 11 12 13 14
MINUS                : 3 7
PLUS                 : 2
RPAREN               : 8 9 10 11 12 13 14
SINE                 : 11
SQRT                 : 10
SYMBOL               : 18
TAN                  : 13
TIMES                : 4
VARIABLENAME         : 17
error                : 

Nonterminals, with rules where they appear

expression           : 1 1 2 2 3 3 4 4 5 5 6 6 7 8 9 10 11 12 13 14
statement            : 0

Parsing method: LALR

state 0

    (0) S' -> . statement
    (1) statement -> . expression EQUALS expression
    (2) expression -> . expression PLUS expression
    (3) expression -> . expression MINUS expression
    (4) expression -> . expression TIMES expression
    (5) expression -> . expression DIVIDE expression
    (6) expression -> . expression EXPONENT expression
    (7) expression -> . MINUS expression
    (8) expression -> . LOG LPAREN expression RPAREN
    (9) expression -> . LN LPAREN expression RPAREN
    (10) expression -> . SQRT LPAREN expression RPAREN
    (11) expression -> . SINE LPAREN expression RPAREN
    (12) expression -> . COSINE LPAREN expression RPAREN
    (13) expression -> . TAN LPAREN expression RPAREN
    (14) expression -> . LPAREN expression RPAREN
    (15) expression -> . FLOAT
    (16) expression -> . INT
    (17) expression -> . VARIABLENAME
    (18) expression -> . SYMBOL

    MINUS           shift and go to state 3
    LOG             shift and go to state 4
    LN              shift and go to state 6
    SQRT            shift and go to state 7
    SINE            shift and go to state 8
    COSINE          shift and go to state 9
    TAN             shift and go to state 10
    LPAREN          shift and go to state 5
    FLOAT           shift and go to state 11
    INT             shift and go to state 12
    VARIABLENAME    shift and go to state 13
    SYMBOL          shift and go to state 14

    statement                      shift and go to state 1
    expression                     shift and go to state 2

state 1

    (0) S' -> statement .



state 2

    (1) statement -> expression . EQUALS expression
    (2) expression -> expression . PLUS expression
    (3) expression -> expression . MINUS expression
    (4) expression -> expression . TIMES expression
    (5) expression -> expression . DIVIDE expression
    (6) expression -> expression . EXPONENT expression

    EQUALS          shift and go to state 15
    PLUS            shift and go to state 16
    MINUS           shift and go to state 17
    TIMES           shift and go to state 18
    DIVIDE          shift and go to state 19
    EXPONENT        shift and go to state 20


state 3

    (7) expression -> MINUS . expression
    (2) expression -> . expression PLUS expression
    (3) expression -> . expression MINUS expression
    (4) expression -> . expression TIMES expression
    (5) expression -> . expression DIVIDE expression
    (6) expression -> . expression EXPONENT expression
    (7) expression -> . MINUS expression
    (8) expression -> . LOG LPAREN expression RPAREN
    (9) expression -> . LN LPAREN expression RPAREN
    (10) expression -> . SQRT LPAREN expression RPAREN
    (11) expression -> . SINE LPAREN expression RPAREN
    (12) expression -> . COSINE LPAREN expression RPAREN
    (13) expression -> . TAN LPAREN expression RPAREN
    (14) expression -> . LPAREN expression RPAREN
    (15) expression -> . FLOAT
    (16) expression -> . INT
    (17) expression -> . VARIABLENAME
    (18) expression -> . SYMBOL

    MINUS           shift and go to state 3
    LOG             shift and go to state 4
    LN              shift and go to state 6
    SQRT            shift and go to state 7
    SINE            shift and go to state 8
    COSINE          shift and go to state 9
    TAN             shift and go to state 10
    LPAREN          shift and go to state 5
    FLOAT           shift and go to state 11
    INT             shift and go to state 12
    VARIABLENAME    shift and go to state 13
    SYMBOL          shift and go to state 14

    expression                     shift and go to state 21

state 4

    (8) expression -> LOG . LPAREN expression RPAREN

    LPAREN          shift and go to state 22


state 5

    (14) expression -> LPAREN . expression RPAREN
    (2) expression -> . expression PLUS expression
    (3) expression -> . expression MINUS expression
    (4) expression -> . expression TIMES expression
    (5) expression -> . expression DIVIDE expression
    (6) expression -> . expression EXPONENT expression
    (7) expression -> . MINUS expression
    (8) expression -> . LOG LPAREN expression RPAREN
    (9) expression -> . LN LPAREN expression RPAREN
    (10) expression -> . SQRT LPAREN expression RPAREN
    (11) expression -> . SINE LPAREN expression RPAREN
    (12) expression -> . COSINE LPAREN expression RPAREN
    (13) expression -> . TAN LPAREN expression RPAREN
    (14) expression -> . LPAREN expression RPAREN
    (15) expression -> . FLOAT
    (16) expression -> . INT
    (17) expression -> . VARIABLENAME
    (18) expression -> . SYMBOL

    MINUS           shift and go to state 3
    LOG             shift and go to state 4
    LN              shift and go to state 6
    SQRT            shift and go to state 7
    SINE            shift and go to state 8
    COSINE          shift and go to state 9
    TAN             shift and go to state 10
    LPAREN          shift and go to state 5
    FLOAT           shift and go to state 11
    INT             shift and go to state 12
    VARIABLENAME    shift and go to state 13
    SYMBOL          shift and go to state 14

    expression                     shift and go to state 23

state 6

    (9) expression -> LN . LPAREN expression RPAREN

    LPAREN          shift and go to state 24


state 7

    (10) expression -> SQRT . LPAREN expression RPAREN

    LPAREN          shift and go to state 25


state 8

    (11) expression -> SINE . LPAREN expression RPAREN

    LPAREN          shift and go to state 26


state 9

    (12) expression -> COSINE . LPAREN expression RPAREN

    LPAREN          shift and go to state 27


state 10

    (13) expression -> TAN . LPAREN expression RPAREN

    LPAREN          shift and go to state 28


state 11

    (15) expression -> FLOAT .

    EQUALS          reduce using rule 15 (expression -> FLOAT .)
    PLUS            reduce using rule 15 (expression -> FLOAT .)
    MINUS           reduce using rule 15 (expression -> FLOAT .)
    TIMES           reduce using rule 15 (expression -> FLOAT .)
    DIVIDE          reduce using rule 15 (expression -> FLOAT .)
    EXPONENT        reduce using rule 15 (expression -> FLOAT .)
    RPAREN          reduce using rule 15 (expression -> FLOAT .)
    $end            reduce using rule 15 (expression -> FLOAT .)


state 12

    (16) expression -> INT .

    EQUALS          reduce using rule 16 (expression -> INT .)
    PLUS            reduce using rule 16 (expression -> INT .)
    MINUS           reduce using rule 16 (expression -> INT .)
    TIMES           reduce using rule 16 (expression -> INT .)
    DIVIDE          reduce using rule 16 (expression -> INT .)
    EXPONENT        reduce using rule 16 (expression -> INT .)
    RPAREN          reduce using rule 16 (expression -> INT .)
    $end            reduce using rule 16 (expression -> INT .)


state 13

    (17) expression -> VARIABLENAME .

    EQUALS          reduce using rule 17 (expression -> VARIABLENAME .)
    PLUS            reduce using rule 17 (expression -> VARIABLENAME .)
    MINUS           reduce using rule 17 (expression -> VARIABLENAME .)
    TIMES           reduce using rule 17 (expression -> VARIABLENAME .)
    DIVIDE          reduce using rule 17 (expression -> VARIABLENAME .)
    EXPONENT        reduce using rule 17 (expression -> VARIABLENAME .)
    RPAREN          reduce using rule 17 (expression -> VARIABLENAME .)
    $end            reduce using rule 17 (expression -> VARIABLENAME .)


state 14

    (18) expression -> SYMBOL .

    EQUALS          reduce using rule 18 (expression -> SYMBOL .)
    PLUS            reduce using rule 18 (expression -> SYMBOL .)
    MINUS           reduce using rule 18 (expression -> SYMBOL .)
    TIMES           reduce using rule 18 (expression -> SYMBOL .)
    DIVIDE          reduce using rule 18 (expression -> SYMBOL .)
    EXPONENT        reduce using rule 18 (expression -> SYMBOL .)
    RPAREN          reduce using rule 18 (expression -> SYMBOL .)
    $end            reduce using rule 18 (expression -> SYMBOL .)


state 15

    (1) statement -> expression EQUALS . expression
    (2) expression -> . expression PLUS expression
    (3) expression -> . expression MINUS expression
    (4) expression -> . expression TIMES expression
    (5) expression -> . expression DIVIDE expression
    (6) expression -> . expression EXPONENT expression
    (7) expression -> . MINUS expression
    (8) expression -> . LOG LPAREN expression RPAREN
    (9) expression -> . LN LPAREN expression RPAREN
    (10) expression -> . SQRT LPAREN expression RPAREN
    (11) expression -> . SINE LPAREN expression RPAREN
    (12) expression -> . COSINE LPAREN expression RPAREN
    (13) expression -> . TAN LPAREN expression RPAREN
    (14) expression -> . LPAREN expression RPAREN
    (15) expression -> . FLOAT
    (16) expression -> . INT
    (17) expression -> . VARIABLENAME
    (18) expression -> . SYMBOL

    MINUS           shift and go to state 3
    LOG             shift and go to state 4
    LN              shift and go to state 6
    SQRT            shift and go to state 7
    SINE            shift and go to state 8
    COSINE          shift and go to state 9
    TAN             shift and go to state 10
    LPAREN          shift and go to state 5
    FLOAT           shift and go to state 11
    INT             shift and go to state 12
    VARIABLENAME    shift and go to state 13
    SYMBOL          shift and go to state 14

    expression                     shift and go to state 29

state 16

    (2) expression -> expression PLUS . expression
    (2) expression -> . expression PLUS expression
    (3) expression -> . expression MINUS expression
    (4) expression -> . expression TIMES expression
    (5) expression -> . expression DIVIDE expression
    (6) expression -> . expression EXPONENT expression
    (7) expression -> . MINUS expression
    (8) expression -> . LOG LPAREN expression RPAREN
    (9) expression -> . LN LPAREN expression RPAREN
    (10) expression -> . SQRT LPAREN expression RPAREN
    (11) expression -> . SINE LPAREN expression RPAREN
    (12) expression -> . COSINE LPAREN expression RPAREN
    (13) expression -> . TAN LPAREN expression RPAREN
    (14) expression -> . LPAREN expression RPAREN
    (15) expression -> . FLOAT
    (16) expression -> . INT
    (17) expression -> . VARIABLENAME
    (18) expression -> . SYMBOL

    MINUS           shift and go to state 3
    LOG             shift and go to state 4
    LN              shift and go to state 6
    SQRT            shift and go to state 7
    SINE            shift and go to state 8
    COSINE          shift and go to state 9
    TAN             shift and go to state 10
    LPAREN          shift and go to state 5
    FLOAT           shift and go to state 11
    INT             shift and go to state 12
    VARIABLENAME    shift and go to state 13
    SYMBOL          shift and go to state 14

    expression                     shift and go to state 30

state 17

    (3) expression -> expression MINUS . expression
    (2) expression -> . expression PLUS expression
    (3) expression -> . expression MINUS expression
    (4) expression -> . expression TIMES expression
    (5) expression -> . expression DIVIDE expression
    (6) expression -> . expression EXPONENT expression
    (7) expression -> . MINUS expression
    (8) expression -> . LOG LPAREN expression RPAREN
    (9) expression -> . LN LPAREN expression RPAREN
    (10) expression -> . SQRT LPAREN expression RPAREN
    (11) expression -> . SINE LPAREN expression RPAREN
    (12) expression -> . COSINE LPAREN expression RPAREN
    (13) expression -> . TAN LPAREN expression RPAREN
    (14) expression -> . LPAREN expression RPAREN
    (15) expression -> . FLOAT
    (16) expression -> . INT
    (17) expression -> . VARIABLENAME
    (18) expression -> . SYMBOL

    MINUS           shift and go to state 3
    LOG             shift and go to state 4
    LN              shift and go to state 6
    SQRT            shift and go to state 7
    SINE            shift and go to state 8
    COSINE          shift and go to state 9
    TAN             shift and go to state 10
    LPAREN          shift and go to state 5
    FLOAT           shift and go to state 11
    INT             shift and go to state 12
    VARIABLENAME    shift and go to state 13
    SYMBOL          shift and go to state 14

    expression                     shift and go to state 31

state 18

    (4) expression -> expression TIMES . expression
    (2) expression -> . expression PLUS expression
    (3) expression -> . expression MINUS expression
    (4) expression -> . expression TIMES expression
    (5) expression -> . expression DIVIDE expression
    (6) expression -> . expression EXPONENT expression
    (7) expression -> . MINUS expression
    (8) expression -> . LOG LPAREN expression RPAREN
    (9) expression -> . LN LPAREN expression RPAREN
    (10) expression -> . SQRT LPAREN expression RPAREN
    (11) expression -> . SINE LPAREN expression RPAREN
    (12) expression -> . COSINE LPAREN expression RPAREN
    (13) expression -> . TAN LPAREN expression RPAREN
    (14) expression -> . LPAREN expression RPAREN
    (15) expression -> . FLOAT
    (16) expression -> . INT
    (17) expression -> . VARIABLENAME
    (18) expression -> . SYMBOL

    MINUS           shift and go to state 3
    LOG             shift and go to state 4
    LN              shift and go to state 6
    SQRT            shift and go to state 7
    SINE            shift and go to state 8
    COSINE          shift and go to state 9
    TAN             shift and go to state 10
    LPAREN          shift and go to state 5
    FLOAT           shift and go to state 11
    INT             shift and go to state 12
    VARIABLENAME    shift and go to state 13
    SYMBOL          shift and go to state 14

    expression                     shift and go to state 32

state 19

    (5) expression -> expression DIVIDE . expression
    (2) expression -> . expression PLUS expression
    (3) expression -> . expression MINUS expression
    (4) expression -> . expression TIMES expression
    (5) expression -> . expression DIVIDE expression
    (6) expression -> . expression EXPONENT expression
    (7) expression -> . MINUS expression
    (8) expression -> . LOG LPAREN expression RPAREN
    (9) expression -> . LN LPAREN expression RPAREN
    (10) expression -> . SQRT LPAREN expression RPAREN
    (11) expression -> . SINE LPAREN expression RPAREN
    (12) expression -> . COSINE LPAREN expression RPAREN
    (13) expression -> . TAN LPAREN expression RPAREN
    (14) expression -> . LPAREN expression RPAREN
    (15) expression -> . FLOAT
    (16) expression -> . INT
    (17) expression -> . VARIABLENAME
    (18) expression -> . SYMBOL

    MINUS           shift and go to state 3
    LOG             shift and go to state 4
    LN              shift and go to state 6
    SQRT            shift and go to state 7
    SINE            shift and go to state 8
    COSINE          shift and go to state 9
    TAN             shift and go to state 10
    LPAREN          shift and go to state 5
    FLOAT           shift and go to state 11
    INT             shift and go to state 12
    VARIABLENAME    shift and go to state 13
    SYMBOL          shift and go to state 14

    expression                     shift and go to state 33

state 20

    (6) expression -> expression EXPONENT . expression
    (2) expression -> . expression PLUS expression
    (3) expression -> . expression MINUS expression
    (4) expression -> . expression TIMES expression
    (5) expression -> . expression DIVIDE expression
    (6) expression -> . expression EXPONENT expression
    (7) expression -> . MINUS expression
    (8) expression -> . LOG LPAREN expression RPAREN
    (9) expression -> . LN LPAREN expression RPAREN
    (10) expression -> . SQRT LPAREN expression RPAREN
    (11) expression -> . SINE LPAREN expression RPAREN
    (12) expression -> . COSINE LPAREN expression RPAREN
    (13) expression -> . TAN LPAREN expression RPAREN
    (14) expression -> . LPAREN expression RPAREN
    (15) expression -> . FLOAT
    (16) expression -> . INT
    (17) expression -> . VARIABLENAME
    (18) expression -> . SYMBOL

    MINUS           shift and go to state 3
    LOG             shift and go to state 4
    LN              shift and go to state 6
    SQRT            shift and go to state 7
    SINE            shift and go to state 8
    COSINE          shift and go to state 9
    TAN             shift and go to state 10
    LPAREN          shift and go to state 5
    FLOAT           shift and go to state 11
    INT             shift and go to state 12
    VARIABLENAME    shift and go to state 13
    SYMBOL          shift and go to state 14

    expression                     shift and go to state 34

state 21

    (7) expression -> MINUS expression .
    (2) expression -> expression . PLUS expression
    (3) expression -> expression . MINUS expression
    (4) expression -> expression . TIMES expression
    (5) expression -> expression . DIVIDE expression
    (6) expression -> expression . EXPONENT expression

    EQUALS          reduce using rule 7 (expression -> MINUS expression .)
    PLUS            reduce using rule 7 (expression -> MINUS expression .)
    MINUS           reduce using rule 7 (expression -> MINUS expression .)
    TIMES           reduce using rule 7 (expression -> MINUS expression .)
    DIVIDE          reduce using rule 7 (expression -> MINUS expression .)
    RPAREN          reduce using rule 7 (expression -> MINUS expression .)
    $end            reduce using rule 7 (expression -> MINUS expression .)
    EXPONENT        shift and go to state 20

  ! EXPONENT        [ reduce using rule 7 (expression -> MINUS expression .) ]
  ! PLUS            [ shift and go to state 16 ]
  ! MINUS           [ shift and go to state 17 ]
  ! TIMES           [ shift and go to state 18 ]
  ! DIVIDE          [ shift and go to state 19 ]


state 22

    (8) expression -> LOG LPAREN . expression RPAREN
    (2) expression -> . expression PLUS expression
    (3) expression -> . expression MINUS expression
    (4) expression -> . expression TIMES expression
    (5) expression -> . expression DIVIDE expression
    (6) expression -> . expression EXPONENT expression
    (7) expression -> . MINUS expression
    (8) expression -> . LOG LPAREN expression RPAREN
    (9) expression -> . LN LPAREN expression RPAREN
    (10) expression -> . SQRT LPAREN expression RPAREN
    (11) expression -> . SINE LPAREN expression RPAREN
    (12) expression -> . COSINE LPAREN expression RPAREN
    (13) expression -> . TAN LPAREN expression RPAREN
    (14) expression -> . LPAREN expression RPAREN
    (15) expression -> . FLOAT
    (16) expression -> . INT
    (17) expression -> . VARIABLENAME
    (18) expression -> . SYMBOL

    MINUS           shift and go to state 3
    LOG             shift and go to state 4
    LN              shift and go to state 6
    SQRT            shift and go to state 7
    SINE            shift and go to state 8
    COSINE          shift and go to state 9
    TAN             shift and go to state 10
    LPAREN          shift and go to state 5
    FLOAT           shift and go to state 11
    INT             shift and go to state 12
    VARIABLENAME    shift and go to state 13
    SYMBOL          shift and go to state 14

    expression                     shift and go to state 35

state 23

    (14) expression -> LPAREN expression . RPAREN
    (2) expression -> expression . PLUS expression
    (3) expression -> expression . MINUS expression
    (4) expression -> expression . TIMES expression
    (5) expression -> expression . DIVIDE expression
    (6) expression -> expression . EXPONENT expression

    RPAREN          shift and go to state 36
    PLUS            shift and go to state 16
    MINUS           shift and go to state 17
    TIMES           shift and go to state 18
    DIVIDE          shift and go to state 19
    EXPONENT        shift and go to state 20


state 24

    (9) expression -> LN LPAREN . expression RPAREN
    (2) expression -> . expression PLUS expression
    (3) expression -> . expression MINUS expression
    (4) expression -> . expression TIMES expression
    (5) expression -> . expression DIVIDE expression
    (6) expression -> . expression EXPONENT expression
    (7) expression -> . MINUS expression
    (8) expression -> . LOG LPAREN expression RPAREN
    (9) expression -> . LN LPAREN expression RPAREN
    (10) expression -> . SQRT LPAREN expression RPAREN
    (11) expression -> . SINE LPAREN expression RPAREN
    (12) expression -> . COSINE LPAREN expression RPAREN
    (13) expression -> . TAN LPAREN expression RPAREN
    (14) expression -> . LPAREN expression RPAREN
    (15) expression -> . FLOAT
    (16) expression -> . INT
    (17) expression -> . VARIABLENAME
    (18) expression -> . SYMBOL

    MINUS           shift and go to state 3
    LOG             shift and go to state 4
    LN              shift and go to state 6
    SQRT            shift and go to state 7
    SINE            shift and go to state 8
    COSINE          shift and go to state 9
    TAN             shift and go to state 10
    LPAREN          shift and go to state 5
    FLOAT           shift and go to state 11
    INT             shift and go to state 12
    VARIABLENAME    shift and go to state 13
    SYMBOL          shift and go to state 14

    expression                     shift and go to state 37

state 25

    (10) expression -> SQRT LPAREN . expression RPAREN
    (2) expression -> . expression PLUS expression
    (3) expression -> . expression MINUS expression
    (4) expression -> . expression TIMES expression
    (5) expression -> . expression DIVIDE expression
    (6) expression -> . expression EXPONENT expression
    (7) expression -> . MINUS expression
    (8) expression -> . LOG LPAREN expression RPAREN
    (9) expression -> . LN LPAREN expression RPAREN
    (10) expression -> . SQRT LPAREN expression RPAREN
    (11) expression -> . SINE LPAREN expression RPAREN
    (12) expression -> . COSINE LPAREN expression RPAREN
    (13) expression -> . TAN LPAREN expression RPAREN
    (14) expression -> . LPAREN expression RPAREN
    (15) expression -> . FLOAT
    (16) expression -> . INT
    (17) expression -> . VARIABLENAME
    (18) expression -> . SYMBOL

    MINUS           shift and go to state 3
    LOG             shift and go to state 4
    LN              shift and go to state 6
    SQRT            shift and go to state 7
    SINE            shift and go to state 8
    COSINE          shift and go to state 9
    TAN             shift and go to state 10
    LPAREN          shift and go to state 5
    FLOAT           shift and go to state 11
    INT             shift and go to state 12
    VARIABLENAME    shift and go to state 13
    SYMBOL          shift and go to state 14

    expression                     shift and go to state 38

state 26

    (11) expression -> SINE LPAREN . expression RPAREN
    (2) expression -> . expression PLUS expression
    (3) expression -> . expression MINUS expression
    (4) expression -> . expression TIMES expression
    (5) expression -> . expression DIVIDE expression
    (6) expression -> . expression EXPONENT expression
    (7) expression -> . MINUS expression
    (8) expression -> . LOG LPAREN expression RPAREN
    (9) expression -> . LN LPAREN expression RPAREN
    (10) expression -> . SQRT LPAREN expression RPAREN
    (11) expression -> . SINE LPAREN expression RPAREN
    (12) expression -> . COSINE LPAREN expression RPAREN
    (13) expression -> . TAN LPAREN expression RPAREN
    (14) expression -> . LPAREN expression RPAREN
    (15) expression -> . FLOAT
    (16) expression -> . INT
    (17) expression -> . VARIABLENAME
    (18) expression -> . SYMBOL

    MINUS           shift and go to state 3
    LOG             shift and go to state 4
    LN              shift and go to state 6
    SQRT            shift and go to state 7
    SINE            shift and go to state 8
    COSINE          shift and go to state 9
    TAN             shift and go to state 10
    LPAREN          shift and go to state 5
    FLOAT           shift and go to state 11
    INT             shift and go to state 12
    VARIABLENAME    shift and go to state 13
    SYMBOL          shift and go to state 14

    expression                     shift and go to state 39

state 27

    (12) expression -> COSINE LPAREN . expression RPAREN
    (2) expression -> . expression PLUS expression
    (3) expression -> . expression MINUS expression
    (4) expression -> . expression TIMES expression
    (5) expression -> . expression DIVIDE expression
    (6) expression -> . expression EXPONENT expression
    (7) expression -> . MINUS expression
    (8) expression -> . LOG LPAREN expression RPAREN
    (9) expression -> . LN LPAREN expression RPAREN
    (10) expression -> . SQRT LPAREN expression RPAREN
    (11) expression -> . SINE LPAREN expression RPAREN
    (12) expression -> . COSINE LPAREN expression RPAREN
    (13) expression -> . TAN LPAREN expression RPAREN
    (14) expression -> . LPAREN expression RPAREN
    (15) expression -> . FLOAT
    (16) expression -> . INT
    (17) expression -> . VARIABLENAME
    (18) expression -> . SYMBOL

    MINUS           shift and go to state 3
    LOG             shift and go to state 4
    LN              shift and go to state 6
    SQRT            shift and go to state 7
    SINE            shift and go to state 8
    COSINE          shift and go to state 9
    TAN             shift and go to state 10
    LPAREN          shift and go to state 5
    FLOAT           shift and go to state 11
    INT             shift and go to state 12
    VARIABLENAME    shift and go to state 13
    SYMBOL          shift and go to state 14

    expression                     shift and go to state 40

state 28

    (13) expression -> TAN LPAREN . expression RPAREN
    (2) expression -> . expression PLUS expression
    (3) expression -> . expression MINUS expression
    (4) expression -> . expression TIMES expression
    (5) expression -> . expression DIVIDE expression
    (6) expression -> . expression EXPONENT expression
    (7) expression -> . MINUS expression
    (8) expression -> . LOG LPAREN expression RPAREN
    (9) expression -> . LN LPAREN expression RPAREN
    (10) expression -> . SQRT LPAREN expression RPAREN
    (11) expression -> . SINE LPAREN expression RPAREN
    (12) expression -> . COSINE LPAREN expression RPAREN
    (13) expression -> . TAN LPAREN expression RPAREN
    (14) expression -> . LPAREN expression RPAREN
    (15) expression -> . FLOAT
    (16) expression -> . INT
    (17) expression -> . VARIABLENAME
    (18) expression -> . SYMBOL

    MINUS           shift and go to state 3
    LOG             shift and go to state 4
    LN              shift and go to state 6
    SQRT            shift and go to state 7
    SINE            shift and go to state 8
    COSINE          shift and go to state 9
    TAN             shift and go to state 10
    LPAREN          shift and go to state 5
    FLOAT           shift and go to state 11
    INT             shift and go to state 12
    VARIABLENAME    shift and go to state 13
    SYMBOL          shift and go to state 14

    expression                     shift and go to state 41

state 29

    (1) statement -> expression EQUALS expression .
    (2) expression -> expression . PLUS expression
    (3) expression -> expression . MINUS expression
    (4) expression -> expression . TIMES expression
    (5) expression -> expression . DIVIDE expression
    (6) expression -> expression . EXPONENT expression

    $end            reduce using rule 1 (statement -> expression EQUALS expression .)
    PLUS            shift and go to state 16
    MINUS           shift and go to state 17
    TIMES           shift and go to state 18
    DIVIDE          shift and go to state 19
    EXPONENT        shift and go to state 20


state 30

    (2) expression -> expression PLUS expression .
    (2) expression -> expression . PLUS expression
    (3) expression -> expression . MINUS expression
    (4) expression -> expression . TIMES expression
    (5) expression -> expression . DIVIDE expression
    (6) expression -> expression . EXPONENT expression

    EQUALS          reduce using rule 2 (expression -> expression PLUS expression .)
    PLUS            reduce using rule 2 (expression -> expression PLUS expression .)
    MINUS           reduce using rule 2 (expression -> expression PLUS expression .)
    RPAREN          reduce using rule 2 (expression -> expression PLUS expression .)
    $end            reduce using rule 2 (expression -> expression PLUS expression .)
    TIMES           shift and go to state 18
    DIVIDE          shift and go to state 19
    EXPONENT        shift and go to state 20

  ! TIMES           [ reduce using rule 2 (expression -> expression PLUS expression .) ]
  ! DIVIDE          [ reduce using rule 2 (expression -> expression PLUS expression .) ]
  ! EXPONENT        [ reduce using rule 2 (expression -> expression PLUS expression .) ]
  ! PLUS            [ shift and go to state 16 ]
  ! MINUS           [ shift and go to state 17 ]


state 31

    (3) expression -> expression MINUS expression .
    (2) expression -> expression . PLUS expression
    (3) expression -> expression . MINUS expression
    (4) expression -> expression . TIMES expression
    (5) expression -> expression . DIVIDE expression
    (6) expression -> expression . EXPONENT expression

    EQUALS          reduce using rule 3 (expression -> expression MINUS expression .)
    PLUS            reduce using rule 3 (expression -> expression MINUS expression .)
    MINUS           reduce using rule 3 (expression -> expression MINUS expression .)
    RPAREN          reduce using rule 3 (expression -> expression MINUS expression .)
    $end            reduce using rule 3 (expression -> expression MINUS expression .)
    TIMES           shift and go to state 18
    DIVIDE          shift and go to state 19
    EXPONENT        shift and go to state 20

  ! TIMES           [ reduce using rule 3 (expression -> expression MINUS expression .) ]
  ! DIVIDE          [ reduce using rule 3 (expression -> expression MINUS expression .) ]
  ! EXPONENT        [ reduce using rule 3 (expression -> expression MINUS expression .) ]
  ! PLUS            [ shift and go to state 16 ]
  ! MINUS           [ shift and go to state 17 ]


state 32

    (4) expression -> expression TIMES expression .
    (2) expression -> expression . PLUS expression
    (3) expression -> expression . MINUS expression
    (4) expression -> expression . TIMES expression
    (5) expression -> expression . DIVIDE expression
    (6) expression -> expression . EXPONENT expression

    EQUALS          reduce using rule 4 (expression -> expression TIMES expression .)
    PLUS            reduce using rule 4 (expression -> expression TIMES expression .)
    MINUS           reduce using rule 4 (expression -> expression TIMES expression .)
    TIMES           reduce using rule 4 (expression -> expression TIMES expression .)
    DIVIDE          reduce using rule 4 (expression -> expression TIMES expression .)
    RPAREN          reduce using rule 4 (expression -> expression TIMES expression .)
    $end            reduce using rule 4 (expression -> expression TIMES expression .)
    EXPONENT        shift and go to state 20

  ! EXPONENT        [ reduce using rule 4 (expression -> expression TIMES expression .) ]
  ! PLUS            [ shift and go to state 16 ]
  ! MINUS           [ shift and go to state 17 ]
  ! TIMES           [ shift and go to state 18 ]
  ! DIVIDE          [ shift and go to state 19 ]


state 33

    (5) expression -> expression DIVIDE expression .
    (2) expression -> expression . PLUS expression
    (3) expression -> expression . MINUS expression
    (4) expression -> expression . TIMES expression
    (5) expression -> expression . DIVIDE expression
    (6) expression -> expression . EXPONENT expression

    EQUALS          reduce using rule 5 (expression -> expression DIVIDE expression .)
    PLUS            reduce using rule 5 (expression -> expression DIVIDE expression .)
    MINUS           reduce using rule 5 (expression -> expression DIVIDE expression .)
    TIMES           reduce using rule 5 (expression -> expression DIVIDE expression .)
    DIVIDE          reduce using rule 5 (expression -> expression DIVIDE expression .)
    RPAREN          reduce using rule 5 (expression -> expression DIVIDE expression .)
    $end            reduce using rule 5 (expression -> expression DIVIDE expression .)
    EXPONENT        shift and go to state 20

  ! EXPONENT        [ reduce using rule 5 (expression -> expression DIVIDE expression .) ]
  ! PLUS            [ shift and go to state 16 ]
  ! MINUS           [ shift and go to state 17 ]
  ! TIMES           [ shift and go to state 18 ]
  ! DIVIDE          [ shift and go to state 19 ]


state 34

    (6) expression -> expression EXPONENT expression .
    (2) expression -> expression . PLUS expression
    (3) expression -> expression . MINUS expression
    (4) expression -> expression . TIMES expression
    (5) expression -> expression . DIVIDE expression
    (6) expression -> expression . EXPONENT expression

    EQUALS          reduce using rule 6 (expression -> expression EXPONENT expression .)
    PLUS            reduce using rule 6 (expression -> expression EXPONENT expression .)
    MINUS           reduce using rule 6 (expression -> expression EXPONENT expression .)
    TIMES           reduce using rule 6 (expression -> expression EXPONENT expression .)
    DIVIDE          reduce using rule 6 (expression -> expression EXPONENT expression .)
    EXPONENT        reduce using rule 6 (expression -> expression EXPONENT expression .)
    RPAREN          reduce using rule 6 (expression -> expression EXPONENT expression .)
    $end            reduce using rule 6 (expression -> expression EXPONENT expression .)

  ! PLUS            [ shift and go to state 16 ]
  ! MINUS           [ shift and go to state 17 ]
  ! TIMES           [ shift and go to state 18 ]
  ! DIVIDE          [ shift and go to state 19 ]
  ! EXPONENT        [ shift and go to state 20 ]


state 35

    (8) expression -> LOG LPAREN expression . RPAREN
    (2) expression -> expression . PLUS expression
    (3) expression -> expression . MINUS expression
    (4) expression -> expression . TIMES expression
    (5) expression -> expression . DIVIDE expression
    (6) expression -> expression . EXPONENT expression

    RPAREN          shift and go to state 42
    PLUS            shift and go to state 16
    MINUS           shift and go to state 17
    TIMES           shift and go to state 18
    DIVIDE          shift and go to state 19
    EXPONENT        shift and go to state 20


state 36

    (14) expression -> LPAREN expression RPAREN .

    EQUALS          reduce using rule 14 (expression -> LPAREN expression RPAREN .)
    PLUS            reduce using rule 14 (expression -> LPAREN expression RPAREN .)
    MINUS           reduce using rule 14 (expression -> LPAREN expression RPAREN .)
    TIMES           reduce using rule 14 (expression -> LPAREN expression RPAREN .)
    DIVIDE          reduce using rule 14 (expression -> LPAREN expression RPAREN .)
    EXPONENT        reduce using rule 14 (expression -> LPAREN expression RPAREN .)
    RPAREN          reduce using rule 14 (expression -> LPAREN expression RPAREN .)
    $end            reduce using rule 14 (expression -> LPAREN expression RPAREN .)


state 37

    (9) expression -> LN LPAREN expression . RPAREN
    (2) expression -> expression . PLUS expression
    (3) expression -> expression . MINUS expression
    (4) expression -> expression . TIMES expression
    (5) expression -> expression . DIVIDE expression
    (6) expression -> expression . EXPONENT expression

    RPAREN          shift and go to state 43
    PLUS            shift and go to state 16
    MINUS           shift and go to state 17
    TIMES           shift and go to state 18
    DIVIDE          shift and go to state 19
    EXPONENT        shift and go to state 20


state 38

    (10) expression -> SQRT LPAREN expression . RPAREN
    (2) expression -> expression . PLUS expression
    (3) expression -> expression . MINUS expression
    (4) expression -> expression . TIMES expression
    (5) expression -> expression . DIVIDE expression
    (6) expression -> expression . EXPONENT expression

    RPAREN          shift and go to state 44
    PLUS            shift and go to state 16
    MINUS           shift and go to state 17
    TIMES           shift and go to state 18
    DIVIDE          shift and go to state 19
    EXPONENT        shift and go to state 20


state 39

    (11) expression -> SINE LPAREN expression . RPAREN
    (2) expression -> expression . PLUS expression
    (3) expression -> expression . MINUS expression
    (4) expression -> expression . TIMES expression
    (5) expression -> expression . DIVIDE expression
    (6) expression -> expression . EXPONENT expression

    RPAREN          shift and go to state 45
    PLUS            shift and go to state 16
    MINUS           shift and go to state 17
    TIMES           shift and go to state 18
    DIVIDE          shift and go to state 19
    EXPONENT        shift and go to state 20


state 40

    (12) expression -> COSINE LPAREN expression . RPAREN
    (2) expression -> expression . PLUS expression
    (3) expression -> expression . MINUS expression
    (4) expression -> expression . TIMES expression
    (5) expression -> expression . DIVIDE expression
    (6) expression -> expression . EXPONENT expression

    RPAREN          shift and go to state 46
    PLUS            shift and go to state 16
    MINUS           shift and go to state 17
    TIMES           shift and go to state 18
    DIVIDE          shift and go to state 19
    EXPONENT        shift and go to state 20


state 41

    (13) expression -> TAN LPAREN expression . RPAREN
    (2) expression -> expression . PLUS expression
    (3) expression -> expression . MINUS expression
    (4) expression -> expression . TIMES expression
    (5) expression -> expression . DIVIDE expression
    (6) expression -> expression . EXPONENT expression

    RPAREN          shift and go to state 47
    PLUS            shift and go to state 16
    MINUS           shift and go to state 17
    TIMES           shift and go to state 18
    DIVIDE          shift and go to state 19
    EXPONENT        shift and go to state 20


state 42

    (8) expression -> LOG LPAREN expression RPAREN .

    EQUALS          reduce using rule 8 (expression -> LOG LPAREN expression RPAREN .)
    PLUS            reduce using rule 8 (expression -> LOG LPAREN expression RPAREN .)
    MINUS           reduce using rule 8 (expression -> LOG LPAREN expression RPAREN .)
    TIMES           reduce using rule 8 (expression -> LOG LPAREN expression RPAREN .)
    DIVIDE          reduce using rule 8 (expression -> LOG LPAREN expression RPAREN .)
    EXPONENT        reduce using rule 8 (expression -> LOG LPAREN expression RPAREN .)
    RPAREN          reduce using rule 8 (expression -> LOG LPAREN expression RPAREN .)
    $end            reduce using rule 8 (expression -> LOG LPAREN expression RPAREN .)


state 43

    (9) expression -> LN LPAREN expression RPAREN .

    EQUALS          reduce using rule 9 (expression -> LN LPAREN expression RPAREN .)
    PLUS            reduce using rule 9 (expression -> LN LPAREN expression RPAREN .)
    MINUS           reduce using rule 9 (expression -> LN LPAREN expression RPAREN .)
    TIMES           reduce using rule 9 (expression -> LN LPAREN expression RPAREN .)
    DIVIDE          reduce using rule 9 (expression -> LN LPAREN expression RPAREN .)
    EXPONENT        reduce using rule 9 (expression -> LN LPAREN expression RPAREN .)
    RPAREN          reduce using rule 9 (expression -> LN LPAREN expression RPAREN .)
    $end            reduce using rule 9 (expression -> LN LPAREN expression RPAREN .)


state 44

    (10) expression -> SQRT LPAREN expression RPAREN .

    EQUALS          reduce using rule 10 (expression -> SQRT LPAREN expression RPAREN .)
    PLUS            reduce using rule 10 (expression -> SQRT LPAREN expression RPAREN .)
    MINUS           reduce using rule 10 (expression -> SQRT LPAREN expression RPAREN .)
    TIMES           reduce using rule 10 (expression -> SQRT LPAREN expression RPAREN .)
    DIVIDE          reduce using rule 10 (expression -> SQRT LPAREN expression RPAREN .)
    EXPONENT        reduce using rule 10 (expression -> SQRT LPAREN expression RPAREN .)
    RPAREN          reduce using rule 10 (expression -> SQRT LPAREN expression RPAREN .)
    $end            reduce using rule 10 (expression -> SQRT LPAREN expression RPAREN .)


state 45

    (11) expression -> SINE LPAREN expression RPAREN .

    EQUALS          reduce using rule 11 (expression -> SINE LPAREN expression RPAREN .)
    PLUS            reduce using rule 11 (expression -> SINE LPAREN expression RPAREN .)
    MINUS           reduce using rule 11 (expression -> SINE LPAREN expression RPAREN .)
    TIMES           reduce using rule 11 (expression -> SINE LPAREN expression RPAREN .)
    DIVIDE          reduce using rule 11 (expression -> SINE LPAREN expression RPAREN .)
    EXPONENT        reduce using rule 11 (expression -> SINE LPAREN expression RPAREN .)
    RPAREN          reduce using rule 11 (expression -> SINE LPAREN expression RPAREN .)
    $end            reduce using rule 11 (expression -> SINE LPAREN expression RPAREN .)


state 46

    (12) expression -> COSINE LPAREN expression RPAREN .

    EQUALS          reduce using rule 12 (expression -> COSINE LPAREN expression RPAREN .)
    PLUS            reduce using rule 12 (expression -> COSINE LPAREN expression RPAREN .)
    MINUS           reduce using rule 12 (expression -> COSINE LPAREN expression RPAREN .)
    TIMES           reduce using rule 12 (expression -> COSINE LPAREN expression RPAREN .)
    DIVIDE          reduce using rule 12 (expression -> COSINE LPAREN expression RPAREN .)
    EXPONENT        reduce using rule 12 (expression -> COSINE LPAREN expression RPAREN .)
    RPAREN          reduce using rule 12 (expression -> COSINE LPAREN expression RPAREN .)
    $end            reduce using rule 12 (expression -> COSINE LPAREN expression RPAREN .)


state 47

    (13) expression -> TAN LPAREN expression RPAREN .

    EQUALS          reduce using rule 13 (expression -> TAN LPAREN expression RPAREN .)
    PLUS            reduce using rule 13 (expression -> TAN LPAREN expression RPAREN .)
    MINUS           reduce using rule 13 (expression -> TAN LPAREN expression RPAREN .)
    TIMES           reduce using rule 13 (expression -> TAN LPAREN expression RPAREN .)
    DIVIDE          reduce using rule 13 (expression -> TAN LPAREN expression RPAREN .)
    EXPONENT        reduce using rule 13 (expression -> TAN LPAREN expression RPAREN .)
    RPAREN          reduce using rule 13 (expression -> TAN LPAREN expression RPAREN .)
    $end            reduce using rule 13 (expression -> TAN LPAREN expression RPAREN .)

